0 info it worked if it ends with ok
1 verbose cli [ '/Users/vera/.nvm/versions/node/v6.12.2/bin/node',
1 verbose cli   '/Users/vera/.nvm/versions/node/v6.12.2/bin/npm',
1 verbose cli   'run',
1 verbose cli   'webpack' ]
2 info using npm@3.10.10
3 info using node@v6.12.2
4 verbose run-script [ 'prewebpack', 'webpack', 'postwebpack' ]
5 info lifecycle test@1.0.0~prewebpack: test@1.0.0
6 silly lifecycle test@1.0.0~prewebpack: no script for prewebpack, continuing
7 info lifecycle test@1.0.0~webpack: test@1.0.0
8 verbose lifecycle test@1.0.0~webpack: unsafe-perm in lifecycle true
9 verbose lifecycle test@1.0.0~webpack: PATH: /Users/vera/.nvm/versions/node/v6.12.2/lib/node_modules/npm/bin/node-gyp-bin:/Users/vera/test/node_modules/.bin:/Users/vera/.nvm/versions/node/v6.12.2/bin:/usr/local/Cellar/pyenv-virtualenv/HEAD-e690650/shims:/Users/vera/.pyenv/shims:/Library/Frameworks/Python.framework/Versions/3.6/bin:/usr/local/bin:/usr/bin:/bin:/usr/sbin:/sbin:/opt/X11/bin
10 verbose lifecycle test@1.0.0~webpack: CWD: /Users/vera/test
11 silly lifecycle test@1.0.0~webpack: Args: [ '-c', 'webpack' ]
12 silly lifecycle test@1.0.0~webpack: Returned: code: 1  signal: null
13 info lifecycle test@1.0.0~webpack: Failed to exec webpack script
14 verbose stack Error: test@1.0.0 webpack: `webpack`
14 verbose stack Exit status 1
14 verbose stack     at EventEmitter.<anonymous> (/Users/vera/.nvm/versions/node/v6.12.2/lib/node_modules/npm/lib/utils/lifecycle.js:255:16)
14 verbose stack     at emitTwo (events.js:106:13)
14 verbose stack     at EventEmitter.emit (events.js:191:7)
14 verbose stack     at ChildProcess.<anonymous> (/Users/vera/.nvm/versions/node/v6.12.2/lib/node_modules/npm/lib/utils/spawn.js:40:14)
14 verbose stack     at emitTwo (events.js:106:13)
14 verbose stack     at ChildProcess.emit (events.js:191:7)
14 verbose stack     at maybeClose (internal/child_process.js:920:16)
14 verbose stack     at Process.ChildProcess._handle.onexit (internal/child_process.js:230:5)
15 verbose pkgid test@1.0.0
16 verbose cwd /Users/vera/test
17 error Darwin 17.2.0
18 error argv "/Users/vera/.nvm/versions/node/v6.12.2/bin/node" "/Users/vera/.nvm/versions/node/v6.12.2/bin/npm" "run" "webpack"
19 error node v6.12.2
20 error npm  v3.10.10
21 error code ELIFECYCLE
22 error test@1.0.0 webpack: `webpack`
22 error Exit status 1
23 error Failed at the test@1.0.0 webpack script 'webpack'.
23 error Make sure you have the latest version of node.js and npm installed.
23 error If you do, this is most likely a problem with the test package,
23 error not with npm itself.
23 error Tell the author that this fails on your system:
23 error     webpack
23 error You can get information on how to open an issue for this project with:
23 error     npm bugs test
23 error Or if that isn't available, you can get their info via:
23 error     npm owner ls test
23 error There is likely additional logging output above.
24 verbose exit [ 1, true ]
